23/09/2020 08:40:14 pm - IMG CRON - Image: 4660, Task: 80, Done
23/09/2020 08:40:52 pm - IMG CRON - Image: 4661, Task: 81, Done
23/09/2020 08:41:31 pm - IMG CRON - Image: 4663, Task: 82, Done
23/09/2020 08:42:08 pm - IMG CRON - Image: 4664, Task: 83, Done
23/09/2020 08:45:41 pm - IMG CRON - Image: 4665, Task: 84, Done
23/09/2020 08:46:17 pm - IMG CRON - Image: 4640, Task: 66, Done
23/09/2020 08:47:04 pm - IMG CRON - Image: 4641, Task: 67, Done
23/09/2020 08:47:44 pm - IMG CRON - Image: 4642, Task: 68, Done
23/09/2020 08:50:29 pm - IMG CRON - Image: 4643, Task: 69, Done
23/09/2020 08:51:05 pm - IMG CRON - Image: 4645, Task: 70, Done
23/09/2020 08:51:51 pm - IMG CRON - Image: 4649, Task: 71, Done
23/09/2020 08:52:28 pm - IMG CRON - Image: 4652, Task: 72, Done
23/09/2020 08:55:05 pm - IMG CRON - Image: 3894, Task: 86, Done
23/09/2020 08:55:05 pm - IMG CRON - Image: 3894, Task: 85, Fail, 
23/09/2020 08:55:55 pm - IMG CRON - Image: 4653, Task: 73, Done
23/09/2020 08:56:38 pm - IMG CRON - Image: 4654, Task: 74, Done
23/09/2020 09:00:15 pm - IMG CRON - Image: 1078, Task: 114, Done
23/09/2020 09:00:45 pm - IMG CRON - Image: 1076, Task: 113, Done
23/09/2020 09:01:09 pm - IMG CRON - Image: 1074, Task: 112, Done
23/09/2020 09:01:42 pm - IMG CRON - Image: 1072, Task: 111, Done
23/09/2020 09:05:04 pm - IMG CRON - Image: 4768, Task: 181, Done
23/09/2020 09:05:20 pm - IMG CRON - Image: 4767, Task: 180, Done
23/09/2020 09:05:43 pm - IMG CRON - Image: 4766, Task: 179, Done
23/09/2020 09:05:44 pm - IMG CRON - Image: 4765, Task: 178, Fail, 0
23/09/2020 09:09:56 pm - IMG CRON - Image: 2465, Task: 225, Done
23/09/2020 09:09:59 pm - IMG CRON - Image: 2234, Task: 224, Done
23/09/2020 09:10:23 pm - IMG CRON - Image: 4790, Task: 223, Done
23/09/2020 09:10:52 pm - IMG CRON - Image: 2207, Task: 222, Done
23/09/2020 09:15:08 pm - IMG CRON - Image: 2205, Task: 221, Done
23/09/2020 09:15:29 pm - IMG CRON - Image: 2137, Task: 220, Done
23/09/2020 09:15:52 pm - IMG CRON - Image: 2112, Task: 219, Done
23/09/2020 09:16:15 pm - IMG CRON - Image: 2064, Task: 218, Done
23/09/2020 09:20:06 pm - IMG CRON - Image: 4846, Task: 273, Done
23/09/2020 09:20:31 pm - IMG CRON - Image: 3044, Task: 272, Done
23/09/2020 09:20:58 pm - IMG CRON - Image: 3040, Task: 271, Done
23/09/2020 09:21:23 pm - IMG CRON - Image: 3010, Task: 270, Done
23/09/2020 09:25:23 pm - IMG CRON - Image: 4959, Task: 355, Done
23/09/2020 09:25:57 pm - IMG CRON - Image: 4958, Task: 354, Done
23/09/2020 09:26:27 pm - IMG CRON - Image: 4957, Task: 353, Done
23/09/2020 09:26:57 pm - IMG CRON - Image: 4956, Task: 352, Done
23/09/2020 09:31:03 pm - IMG CRON - Image: 4997, Task: 391, Done
23/09/2020 09:31:59 pm - IMG CRON - Image: 4996, Task: 390, Done
23/09/2020 09:33:08 pm - IMG CRON - Image: 4995, Task: 389, Done
23/09/2020 09:33:09 pm - IMG CRON - Image: 4994, Task: 388, Fail, 0
23/09/2020 09:37:11 pm - IMG CRON - Image: 4993, Task: 387, Done
23/09/2020 09:37:11 pm - IMG CRON - Image: 4992, Task: 386, Fail, 0
23/09/2020 09:37:51 pm - IMG CRON - Image: 4991, Task: 385, Done
23/09/2020 09:38:54 pm - IMG CRON - Image: 4990, Task: 384, Done
23/09/2020 09:42:30 pm - IMG CRON - Image: 4989, Task: 383, Done
23/09/2020 09:43:09 pm - IMG CRON - Image: 4988, Task: 382, Done
23/09/2020 09:43:45 pm - IMG CRON - Image: 4987, Task: 381, Done
23/09/2020 09:44:26 pm - IMG CRON - Image: 4986, Task: 380, Done
23/09/2020 09:44:37 pm - IMG CRON - Image: 4986, Task: 380, Fail, 
23/09/2020 09:44:51 pm - IMG CRON - Image: 4985, Task: 379, Done
23/09/2020 09:45:03 pm - IMG CRON - Image: 4984, Task: 378, Done
23/09/2020 09:45:16 pm - IMG CRON - Image: 4983, Task: 377, Done
23/09/2020 09:50:02 pm - IMG CRON - Image: 4982, Task: 376, Done
23/09/2020 09:50:15 pm - IMG CRON - Image: 4981, Task: 375, Done
23/09/2020 09:50:58 pm - IMG CRON - Image: 4979, Task: 373, Done
23/09/2020 09:51:01 pm - IMG CRON - Image: 4980, Task: 374, Done
23/09/2020 09:54:56 pm - IMG CRON - Image: 5000, Task: 393, Done
23/09/2020 09:54:56 pm - IMG CRON - Image: 5000, Task: 392, Fail, 
23/09/2020 09:55:20 pm - IMG CRON - Image: 4977, Task: 371, Done
23/09/2020 09:55:24 pm - IMG CRON - Image: 4978, Task: 372, Done
23/09/2020 10:00:04 pm - IMG CRON - Image: 5000, Task: 394, Fail, 
23/09/2020 10:00:24 pm - IMG CRON - Image: 4976, Task: 370, Done
23/09/2020 10:00:45 pm - IMG CRON - Image: 4975, Task: 369, Done
23/09/2020 10:00:58 pm - IMG CRON - Image: 4974, Task: 368, Done
23/09/2020 10:05:18 pm - IMG CRON - Image: 4972, Task: 366, Done
23/09/2020 10:05:21 pm - IMG CRON - Image: 4973, Task: 367, Done
23/09/2020 10:05:51 pm - IMG CRON - Image: 4971, Task: 365, Done
23/09/2020 10:06:13 pm - IMG CRON - Image: 4970, Task: 364, Done
23/09/2020 10:11:05 pm - IMG CRON - Image: 4969, Task: 363, Done
23/09/2020 10:11:29 pm - IMG CRON - Image: 4968, Task: 362, Done
23/09/2020 10:11:42 pm - IMG CRON - Image: 4967, Task: 361, Done
23/09/2020 10:11:56 pm - IMG CRON - Image: 4966, Task: 360, Done
23/09/2020 10:15:04 pm - IMG CRON - Image: 4965, Task: 359, Fail, 0
23/09/2020 10:15:28 pm - IMG CRON - Image: 4962, Task: 358, Done
23/09/2020 10:15:52 pm - IMG CRON - Image: 4961, Task: 357, Done
23/09/2020 10:16:15 pm - IMG CRON - Image: 4960, Task: 356, Done
23/09/2020 10:21:10 pm - IMG CRON - Image: 4955, Task: 351, Fail, 0
23/09/2020 10:21:10 pm - IMG CRON - Image: 4954, Task: 350, Fail, 0
23/09/2020 10:21:10 pm - IMG CRON - Image: 4953, Task: 349, Fail, 0
23/09/2020 10:21:10 pm - IMG CRON - Image: 4952, Task: 348, Fail, 0
23/09/2020 10:25:22 pm - IMG CRON - Image: 4951, Task: 347, Done
23/09/2020 10:25:22 pm - IMG CRON - Image: 4950, Task: 346, Fail, 0
23/09/2020 10:25:22 pm - IMG CRON - Image: 4949, Task: 345, Fail, 0
23/09/2020 10:25:44 pm - IMG CRON - Image: 4948, Task: 344, Done
23/09/2020 10:31:14 pm - IMG CRON - Image: 4947, Task: 343, Fail, 0
23/09/2020 10:31:14 pm - IMG CRON - Image: 4944, Task: 342, Fail, 0
23/09/2020 10:31:15 pm - IMG CRON - Image: 4943, Task: 341, Fail, 0
23/09/2020 10:31:15 pm - IMG CRON - Image: 4942, Task: 340, Fail, 0
23/09/2020 10:35:13 pm - IMG CRON - Image: 4941, Task: 339, Fail, 0
23/09/2020 10:35:13 pm - IMG CRON - Image: 4940, Task: 338, Fail, 0
23/09/2020 10:35:13 pm - IMG CRON - Image: 4939, Task: 337, Fail, 0
23/09/2020 10:35:13 pm - IMG CRON - Image: 4938, Task: 336, Fail, 0
23/09/2020 10:41:05 pm - IMG CRON - Image: 4937, Task: 335, Fail, 0
23/09/2020 10:41:05 pm - IMG CRON - Image: 4936, Task: 334, Fail, 0
23/09/2020 10:41:05 pm - IMG CRON - Image: 4935, Task: 333, Fail, 0
23/09/2020 10:41:05 pm - IMG CRON - Image: 4934, Task: 332, Fail, 0
23/09/2020 10:44:26 pm - IMG CRON - Image: 4933, Task: 331, Fail, 0
23/09/2020 10:44:26 pm - IMG CRON - Image: 4932, Task: 330, Fail, 0
23/09/2020 10:44:27 pm - IMG CRON - Image: 4931, Task: 329, Fail, 0
23/09/2020 10:44:27 pm - IMG CRON - Image: 4930, Task: 328, Fail, 0
23/09/2020 10:49:31 pm - IMG CRON - Image: 5000, Task: 396, Fail, 
23/09/2020 10:49:32 pm - IMG CRON - Image: 5000, Task: 395, Fail, 
23/09/2020 10:49:32 pm - IMG CRON - Image: 4929, Task: 327, Fail, 0
23/09/2020 10:49:32 pm - IMG CRON - Image: 4928, Task: 326, Fail, 0
23/09/2020 10:55:53 pm - IMG CRON - Image: 5000, Task: 397, Fail, 
23/09/2020 10:55:53 pm - IMG CRON - Image: 4927, Task: 325, Fail, 0
23/09/2020 10:55:53 pm - IMG CRON - Image: 4926, Task: 324, Fail, 0
23/09/2020 10:55:54 pm - IMG CRON - Image: 4925, Task: 323, Fail, 0
23/09/2020 10:59:28 pm - IMG CRON - Image: 5000, Task: 398, Fail, 
23/09/2020 10:59:29 pm - IMG CRON - Image: 4924, Task: 322, Fail, 0
23/09/2020 10:59:29 pm - IMG CRON - Image: 4923, Task: 321, Fail, 0
23/09/2020 10:59:29 pm - IMG CRON - Image: 4922, Task: 320, Fail, 0
23/09/2020 11:04:35 pm - IMG CRON - Image: 4921, Task: 319, Fail, 0
23/09/2020 11:04:35 pm - IMG CRON - Image: 4920, Task: 318, Fail, 0
23/09/2020 11:04:35 pm - IMG CRON - Image: 4919, Task: 317, Fail, 0
23/09/2020 11:04:36 pm - IMG CRON - Image: 4918, Task: 316, Fail, 0
23/09/2020 11:10:18 pm - IMG CRON - Image: 5010, Task: 399, Done
23/09/2020 11:10:18 pm - IMG CRON - Image: 4917, Task: 315, Fail, 0
23/09/2020 11:10:18 pm - IMG CRON - Image: 4916, Task: 314, Fail, 0
23/09/2020 11:10:18 pm - IMG CRON - Image: 4914, Task: 313, Fail, 0
23/09/2020 11:14:24 pm - IMG CRON - Image: 4913, Task: 312, Fail, 0
23/09/2020 11:14:24 pm - IMG CRON - Image: 4912, Task: 311, Fail, 0
23/09/2020 11:14:24 pm - IMG CRON - Image: 4911, Task: 310, Fail, 0
23/09/2020 11:14:24 pm - IMG CRON - Image: 4910, Task: 309, Fail, 0
23/09/2020 11:19:58 pm - IMG CRON - Image: 4909, Task: 308, Fail, 0
23/09/2020 11:19:58 pm - IMG CRON - Image: 4908, Task: 307, Fail, 0
23/09/2020 11:19:58 pm - IMG CRON - Image: 4907, Task: 306, Fail, 0
23/09/2020 11:19:58 pm - IMG CRON - Image: 4906, Task: 305, Fail, 0
23/09/2020 11:25:05 pm - IMG CRON - Image: 4905, Task: 304, Fail, 0
23/09/2020 11:25:06 pm - IMG CRON - Image: 4904, Task: 303, Fail, 0
23/09/2020 11:25:06 pm - IMG CRON - Image: 4903, Task: 302, Fail, 0
23/09/2020 11:25:06 pm - IMG CRON - Image: 4902, Task: 301, Fail, 0
23/09/2020 11:29:58 pm - IMG CRON - Image: 4901, Task: 300, Fail, 0
23/09/2020 11:30:29 pm - IMG CRON - Image: 4900, Task: 299, Done
23/09/2020 11:30:29 pm - IMG CRON - Image: 4898, Task: 298, Fail, 0
23/09/2020 11:30:29 pm - IMG CRON - Image: 4897, Task: 297, Fail, 0
23/09/2020 11:34:34 pm - IMG CRON - Image: 4896, Task: 296, Fail, 0
23/09/2020 11:34:34 pm - IMG CRON - Image: 4895, Task: 295, Fail, 0
23/09/2020 11:34:35 pm - IMG CRON - Image: 4894, Task: 294, Fail, 0
23/09/2020 11:34:35 pm - IMG CRON - Image: 4893, Task: 293, Fail, 0
23/09/2020 11:39:30 pm - IMG CRON - Image: 4892, Task: 292, Fail, 0
23/09/2020 11:39:31 pm - IMG CRON - Image: 4891, Task: 291, Fail, 0
23/09/2020 11:39:31 pm - IMG CRON - Image: 4890, Task: 290, Fail, 0
23/09/2020 11:39:31 pm - IMG CRON - Image: 4889, Task: 289, Fail, 0
23/09/2020 11:44:26 pm - IMG CRON - Image: 4888, Task: 288, Fail, 0
23/09/2020 11:44:26 pm - IMG CRON - Image: 4887, Task: 287, Fail, 0
23/09/2020 11:44:26 pm - IMG CRON - Image: 4886, Task: 286, Fail, 0
23/09/2020 11:44:26 pm - IMG CRON - Image: 4885, Task: 285, Fail, 0
23/09/2020 11:49:27 pm - IMG CRON - Image: 4884, Task: 284, Fail, 0
23/09/2020 11:49:27 pm - IMG CRON - Image: 4883, Task: 283, Fail, 0
23/09/2020 11:49:27 pm - IMG CRON - Image: 4882, Task: 282, Fail, 0
23/09/2020 11:49:27 pm - IMG CRON - Image: 4881, Task: 281, Fail, 0
23/09/2020 11:54:37 pm - IMG CRON - Image: 4880, Task: 280, Fail, 0
23/09/2020 11:54:37 pm - IMG CRON - Image: 4879, Task: 279, Fail, 0
23/09/2020 11:54:38 pm - IMG CRON - Image: 4878, Task: 278, Fail, 0
23/09/2020 11:54:38 pm - IMG CRON - Image: 4877, Task: 277, Fail, 0
23/09/2020 11:59:37 pm - IMG CRON - Image: 5000, Task: 402, Fail, 
23/09/2020 11:59:37 pm - IMG CRON - Image: 5000, Task: 401, Fail, 
23/09/2020 11:59:37 pm - IMG CRON - Image: 5000, Task: 400, Fail, 
23/09/2020 11:59:37 pm - IMG CRON - Image: 4876, Task: 276, Fail, 0
24/09/2020 12:04:37 am - IMG CRON - Image: 4875, Task: 275, Fail, 0
24/09/2020 12:04:37 am - IMG CRON - Image: 4870, Task: 274, Fail, 0
24/09/2020 12:04:59 am - IMG CRON - Image: 3009, Task: 269, Done
24/09/2020 12:05:24 am - IMG CRON - Image: 3007, Task: 268, Done
24/09/2020 12:09:50 am - IMG CRON - Image: 2518, Task: 267, Done
24/09/2020 12:09:54 am - IMG CRON - Image: 2516, Task: 266, Done
24/09/2020 12:09:57 am - IMG CRON - Image: 2515, Task: 265, Done
24/09/2020 12:10:21 am - IMG CRON - Image: 2505, Task: 264, Done
24/09/2020 12:14:58 am - IMG CRON - Image: 2504, Task: 263, Done
24/09/2020 12:15:11 am - IMG CRON - Image: 2478, Task: 262, Done
24/09/2020 12:15:11 am - IMG CRON - Image: 2470, Task: 261, Fail, 0
24/09/2020 12:15:42 am - IMG CRON - Image: 4832, Task: 260, Done
24/09/2020 12:19:29 am - IMG CRON - Image: 5010, Task: 403, Fail, 
24/09/2020 12:19:32 am - IMG CRON - Image: 4831, Task: 259, Done
24/09/2020 12:19:57 am - IMG CRON - Image: 4830, Task: 258, Done
24/09/2020 12:20:22 am - IMG CRON - Image: 4829, Task: 257, Done
24/09/2020 12:24:30 am - IMG CRON - Image: 5000, Task: 404, Fail, 
24/09/2020 12:24:56 am - IMG CRON - Image: 4828, Task: 256, Done
24/09/2020 12:25:17 am - IMG CRON - Image: 4827, Task: 255, Done
24/09/2020 12:25:39 am - IMG CRON - Image: 4826, Task: 254, Done
24/09/2020 12:29:26 am - IMG CRON - Image: 4997, Task: 405, Fail, 
24/09/2020 12:29:49 am - IMG CRON - Image: 4825, Task: 253, Done
24/09/2020 12:30:10 am - IMG CRON - Image: 4824, Task: 252, Done
24/09/2020 12:30:24 am - IMG CRON - Image: 4823, Task: 251, Done
24/09/2020 12:34:23 am - IMG CRON - Image: 4996, Task: 406, Fail, 
24/09/2020 12:35:06 am - IMG CRON - Image: 4822, Task: 250, Done
24/09/2020 12:35:19 am - IMG CRON - Image: 4821, Task: 249, Done
24/09/2020 12:35:33 am - IMG CRON - Image: 4820, Task: 248, Done
24/09/2020 12:39:34 am - IMG CRON - Image: 4900, Task: 409, Fail, 
24/09/2020 12:39:34 am - IMG CRON - Image: 4995, Task: 407, Fail, 
24/09/2020 12:39:34 am - IMG CRON - Image: 4995, Task: 408, Fail, 
24/09/2020 12:39:47 am - IMG CRON - Image: 4819, Task: 247, Done
24/09/2020 12:44:26 am - IMG CRON - Image: 4846, Task: 410, Fail, 
24/09/2020 12:44:40 am - IMG CRON - Image: 4818, Task: 246, Done
24/09/2020 12:44:40 am - IMG CRON - Image: 4846, Task: 410, Fail, 
24/09/2020 12:44:40 am - IMG CRON - Image: 4818, Task: 246, Fail, 
24/09/2020 12:44:53 am - IMG CRON - Image: 4817, Task: 245, Done
24/09/2020 12:44:54 am - IMG CRON - Image: 4817, Task: 245, Done
24/09/2020 12:45:08 am - IMG CRON - Image: 4816, Task: 244, Done
24/09/2020 12:45:08 am - IMG CRON - Image: 4816, Task: 244, Done
24/09/2020 12:45:38 am - IMG CRON - Image: 4815, Task: 243, Done
24/09/2020 12:46:02 am - IMG CRON - Image: 4814, Task: 242, Done
24/09/2020 12:46:27 am - IMG CRON - Image: 4813, Task: 241, Done
24/09/2020 12:46:50 am - IMG CRON - Image: 4812, Task: 240, Done
24/09/2020 12:49:39 am - IMG CRON - Image: 4832, Task: 411, Fail, 
24/09/2020 12:50:08 am - IMG CRON - Image: 4811, Task: 239, Done
24/09/2020 12:50:36 am - IMG CRON - Image: 4810, Task: 238, Done
24/09/2020 12:51:02 am - IMG CRON - Image: 4809, Task: 237, Done
24/09/2020 12:54:40 am - IMG CRON - Image: 4831, Task: 412, Fail, 
24/09/2020 12:55:03 am - IMG CRON - Image: 4808, Task: 236, Done
24/09/2020 12:55:24 am - IMG CRON - Image: 4807, Task: 235, Done
24/09/2020 12:55:38 am - IMG CRON - Image: 4806, Task: 234, Done
24/09/2020 12:59:48 am - IMG CRON - Image: 4830, Task: 413, Fail, 
24/09/2020 01:00:10 am - IMG CRON - Image: 4805, Task: 233, Done
24/09/2020 01:00:10 am - IMG CRON - Image: 4804, Task: 232, Fail, 0
24/09/2020 01:00:10 am - IMG CRON - Image: 4803, Task: 231, Fail, 0
24/09/2020 01:04:41 am - IMG CRON - Image: 4829, Task: 414, Fail, 
24/09/2020 01:04:41 am - IMG CRON - Image: 4801, Task: 230, Fail, 0
24/09/2020 01:04:41 am - IMG CRON - Image: 4797, Task: 228, Fail, 0
24/09/2020 01:04:41 am - IMG CRON - Image: 4798, Task: 229, Fail, 0
24/09/2020 01:09:40 am - IMG CRON - Image: 4828, Task: 415, Fail, 
24/09/2020 01:09:40 am - IMG CRON - Image: 4796, Task: 227, Fail, 0
24/09/2020 01:09:40 am - IMG CRON - Image: 4795, Task: 226, Fail, 0
24/09/2020 01:10:07 am - IMG CRON - Image: 2061, Task: 217, Done
24/09/2020 01:14:39 am - IMG CRON - Image: 4827, Task: 416, Fail, 
24/09/2020 01:14:53 am - IMG CRON - Image: 2032, Task: 216, Done
24/09/2020 01:15:31 am - IMG CRON - Image: 1895, Task: 215, Done
24/09/2020 01:15:44 am - IMG CRON - Image: 1857, Task: 214, Done
24/09/2020 01:19:39 am - IMG CRON - Image: 4826, Task: 417, Fail, 
24/09/2020 01:19:53 am - IMG CRON - Image: 1855, Task: 213, Done
24/09/2020 01:20:08 am - IMG CRON - Image: 1853, Task: 212, Done
24/09/2020 01:20:22 am - IMG CRON - Image: 1851, Task: 211, Done
24/09/2020 01:24:52 am - IMG CRON - Image: 4825, Task: 418, Fail, 
24/09/2020 01:25:06 am - IMG CRON - Image: 1839, Task: 210, Done
24/09/2020 01:25:19 am - IMG CRON - Image: 1835, Task: 209, Done
24/09/2020 01:25:33 am - IMG CRON - Image: 1831, Task: 208, Done
24/09/2020 01:29:41 am - IMG CRON - Image: 4824, Task: 419, Fail, 
24/09/2020 01:30:07 am - IMG CRON - Image: 1818, Task: 207, Done
24/09/2020 01:30:31 am - IMG CRON - Image: 1817, Task: 206, Done
24/09/2020 01:30:54 am - IMG CRON - Image: 1816, Task: 205, Done
24/09/2020 01:34:33 am - IMG CRON - Image: 4823, Task: 420, Fail, 
24/09/2020 01:34:58 am - IMG CRON - Image: 1795, Task: 204, Done
24/09/2020 01:35:23 am - IMG CRON - Image: 1794, Task: 203, Done
24/09/2020 01:35:47 am - IMG CRON - Image: 1793, Task: 202, Done
24/09/2020 01:39:46 am - IMG CRON - Image: 4822, Task: 421, Fail, 
24/09/2020 01:40:12 am - IMG CRON - Image: 1785, Task: 201, Done
24/09/2020 01:40:28 am - IMG CRON - Image: 1775, Task: 200, Fail, 
24/09/2020 01:40:45 am - IMG CRON - Image: 1769, Task: 199, Done
24/09/2020 01:44:44 am - IMG CRON - Image: 4821, Task: 422, Fail, 
24/09/2020 01:45:05 am - IMG CRON - Image: 1754, Task: 198, Done
24/09/2020 01:45:05 am - IMG CRON - Image: 4789, Task: 197, Fail, 0
24/09/2020 01:45:05 am - IMG CRON - Image: 4788, Task: 196, Fail, 0
24/09/2020 01:49:51 am - IMG CRON - Image: 4820, Task: 423, Fail, 
24/09/2020 01:49:51 am - IMG CRON - Image: 4787, Task: 195, Fail, 0
24/09/2020 01:49:51 am - IMG CRON - Image: 4786, Task: 194, Fail, 0
24/09/2020 01:49:51 am - IMG CRON - Image: 4784, Task: 193, Fail, 0
24/09/2020 01:54:40 am - IMG CRON - Image: 4819, Task: 424, Fail, 
24/09/2020 01:54:40 am - IMG CRON - Image: 4783, Task: 192, Fail, 0
24/09/2020 01:54:40 am - IMG CRON - Image: 4782, Task: 191, Fail, 0
24/09/2020 01:54:40 am - IMG CRON - Image: 4780, Task: 190, Fail, 0
24/09/2020 01:59:51 am - IMG CRON - Image: 4818, Task: 425, Fail, 
24/09/2020 01:59:51 am - IMG CRON - Image: 4779, Task: 189, Fail, 0
24/09/2020 01:59:51 am - IMG CRON - Image: 4778, Task: 188, Fail, 0
24/09/2020 01:59:51 am - IMG CRON - Image: 4777, Task: 187, Fail, 0
24/09/2020 02:04:40 am - IMG CRON - Image: 4817, Task: 426, Fail, 
24/09/2020 02:04:40 am - IMG CRON - Image: 4775, Task: 186, Fail, 0
24/09/2020 02:04:40 am - IMG CRON - Image: 4774, Task: 185, Fail, 0
24/09/2020 02:04:40 am - IMG CRON - Image: 4773, Task: 184, Fail, 0
24/09/2020 02:09:36 am - IMG CRON - Image: 4816, Task: 427, Fail, 
24/09/2020 02:09:36 am - IMG CRON - Image: 4772, Task: 183, Fail, 0
24/09/2020 02:09:36 am - IMG CRON - Image: 4771, Task: 182, Fail, 0
24/09/2020 02:09:36 am - IMG CRON - Image: 4764, Task: 177, Fail, 0
24/09/2020 02:14:35 am - IMG CRON - Image: 4815, Task: 428, Fail, 
24/09/2020 02:14:35 am - IMG CRON - Image: 4763, Task: 176, Fail, 0
24/09/2020 02:14:35 am - IMG CRON - Image: 4762, Task: 175, Fail, 0
24/09/2020 02:14:35 am - IMG CRON - Image: 4761, Task: 174, Fail, 0
24/09/2020 02:19:33 am - IMG CRON - Image: 4814, Task: 429, Fail, 
24/09/2020 02:19:33 am - IMG CRON - Image: 4760, Task: 173, Fail, 0
24/09/2020 02:19:33 am - IMG CRON - Image: 4759, Task: 172, Fail, 0
24/09/2020 02:19:33 am - IMG CRON - Image: 4758, Task: 171, Fail, 0
24/09/2020 02:24:36 am - IMG CRON - Image: 4813, Task: 430, Fail, 
24/09/2020 02:24:36 am - IMG CRON - Image: 4757, Task: 170, Fail, 0
24/09/2020 02:24:36 am - IMG CRON - Image: 4756, Task: 169, Fail, 0
24/09/2020 02:24:36 am - IMG CRON - Image: 4755, Task: 168, Fail, 0
24/09/2020 02:29:48 am - IMG CRON - Image: 4812, Task: 431, Fail, 
24/09/2020 02:29:49 am - IMG CRON - Image: 4754, Task: 167, Fail, 0
24/09/2020 02:29:49 am - IMG CRON - Image: 4753, Task: 166, Fail, 0
24/09/2020 02:29:49 am - IMG CRON - Image: 4752, Task: 165, Fail, 0
24/09/2020 02:34:36 am - IMG CRON - Image: 4811, Task: 432, Fail, 
24/09/2020 02:34:36 am - IMG CRON - Image: 4751, Task: 164, Fail, 0
24/09/2020 02:34:37 am - IMG CRON - Image: 4750, Task: 163, Fail, 0
24/09/2020 02:34:37 am - IMG CRON - Image: 4749, Task: 162, Fail, 0
24/09/2020 02:39:25 am - IMG CRON - Image: 4810, Task: 433, Fail, 
24/09/2020 02:39:25 am - IMG CRON - Image: 4748, Task: 161, Fail, 0
24/09/2020 02:39:26 am - IMG CRON - Image: 4747, Task: 160, Fail, 0
24/09/2020 02:39:26 am - IMG CRON - Image: 4746, Task: 159, Fail, 0
24/09/2020 02:44:37 am - IMG CRON - Image: 4809, Task: 434, Fail, 
24/09/2020 02:44:37 am - IMG CRON - Image: 4745, Task: 158, Fail, 0
24/09/2020 02:44:37 am - IMG CRON - Image: 4744, Task: 157, Fail, 0
24/09/2020 02:44:37 am - IMG CRON - Image: 4743, Task: 156, Fail, 0
24/09/2020 02:49:54 am - IMG CRON - Image: 4808, Task: 435, Fail, 
24/09/2020 02:49:54 am - IMG CRON - Image: 4742, Task: 155, Fail, 0
24/09/2020 02:49:54 am - IMG CRON - Image: 4741, Task: 154, Fail, 0
24/09/2020 02:49:54 am - IMG CRON - Image: 4740, Task: 153, Fail, 0
24/09/2020 02:54:51 am - IMG CRON - Image: 4807, Task: 436, Fail, 
24/09/2020 02:54:51 am - IMG CRON - Image: 4739, Task: 152, Fail, 0
24/09/2020 02:54:51 am - IMG CRON - Image: 4738, Task: 151, Fail, 0
24/09/2020 02:54:51 am - IMG CRON - Image: 4737, Task: 150, Fail, 0
24/09/2020 02:59:34 am - IMG CRON - Image: 4806, Task: 437, Fail, 
24/09/2020 02:59:34 am - IMG CRON - Image: 4736, Task: 149, Fail, 0
24/09/2020 02:59:34 am - IMG CRON - Image: 4735, Task: 148, Fail, 0
24/09/2020 02:59:34 am - IMG CRON - Image: 4734, Task: 147, Fail, 0
24/09/2020 03:04:49 am - IMG CRON - Image: 4805, Task: 438, Fail, 
24/09/2020 03:04:49 am - IMG CRON - Image: 4733, Task: 146, Fail, 0
24/09/2020 03:04:50 am - IMG CRON - Image: 4732, Task: 145, Fail, 0
24/09/2020 03:04:50 am - IMG CRON - Image: 4731, Task: 144, Fail, 0
24/09/2020 03:10:27 am - IMG CRON - Image: 4790, Task: 439, Fail, 
24/09/2020 03:10:27 am - IMG CRON - Image: 4730, Task: 143, Fail, 0
24/09/2020 03:10:27 am - IMG CRON - Image: 4729, Task: 142, Fail, 0
24/09/2020 03:10:27 am - IMG CRON - Image: 4728, Task: 141, Fail, 0
24/09/2020 03:15:07 am - IMG CRON - Image: 4653, Task: 449, Fail, 
24/09/2020 03:15:53 am - IMG CRON - Image: 4637, Task: 450, Done
24/09/2020 03:16:15 am - IMG CRON - Image: 4656, Task: 447, Done
24/09/2020 03:17:02 am - IMG CRON - Image: 4636, Task: 448, Done
24/09/2020 03:19:47 am - IMG CRON - Image: 1793, Task: 495, Fail, 
24/09/2020 03:19:47 am - IMG CRON - Image: 1795, Task: 494, Fail, 
24/09/2020 03:19:47 am - IMG CRON - Image: 2504, Task: 493, Fail, 
24/09/2020 03:19:47 am - IMG CRON - Image: 1794, Task: 492, Fail, 
24/09/2020 03:24:40 am - IMG CRON - Image: 1818, Task: 543, Fail, 
24/09/2020 03:24:40 am - IMG CRON - Image: 1817, Task: 542, Fail, 
24/09/2020 03:24:40 am - IMG CRON - Image: 1816, Task: 541, Fail, 
24/09/2020 03:24:41 am - IMG CRON - Image: 1795, Task: 540, Fail, 
24/09/2020 03:29:54 am - IMG CRON - Image: 3837, Task: 591, Done
24/09/2020 03:30:18 am - IMG CRON - Image: 3834, Task: 590, Done
24/09/2020 03:30:52 am - IMG CRON - Image: 3831, Task: 589, Done
24/09/2020 03:31:17 am - IMG CRON - Image: 3828, Task: 588, Done
24/09/2020 03:35:44 am - IMG CRON - Image: 4681, Task: 643, Done
24/09/2020 03:36:07 am - IMG CRON - Image: 4680, Task: 642, Done
24/09/2020 03:36:31 am - IMG CRON - Image: 4679, Task: 641, Done
24/09/2020 03:36:31 am - IMG CRON - Image: 4665, Task: 640, Fail, 
24/09/2020 03:39:51 am - IMG CRON - Image: 5010, Task: 722, Fail, 
24/09/2020 03:39:51 am - IMG CRON - Image: 4997, Task: 721, Fail, 
24/09/2020 03:39:52 am - IMG CRON - Image: 4996, Task: 720, Fail, 
24/09/2020 03:39:52 am - IMG CRON - Image: 4995, Task: 719, Fail, 
24/09/2020 03:44:43 am - IMG CRON - Image: 4829, Task: 723, Fail, 
24/09/2020 03:44:43 am - IMG CRON - Image: 4900, Task: 718, Fail, 
24/09/2020 03:44:43 am - IMG CRON - Image: 4846, Task: 717, Fail, 
24/09/2020 03:44:43 am - IMG CRON - Image: 4832, Task: 716, Fail, 
24/09/2020 03:50:34 am - IMG CRON - Image: 4828, Task: 724, Fail, 
24/09/2020 03:50:34 am - IMG CRON - Image: 4831, Task: 715, Fail, 
24/09/2020 03:50:35 am - IMG CRON - Image: 4830, Task: 714, Fail, 
24/09/2020 03:50:35 am - IMG CRON - Image: 4829, Task: 713, Fail, 
24/09/2020 03:54:30 am - IMG CRON - Image: 4827, Task: 725, Fail, 
24/09/2020 03:54:30 am - IMG CRON - Image: 4828, Task: 712, Fail, 
24/09/2020 03:54:30 am - IMG CRON - Image: 4827, Task: 711, Fail, 
24/09/2020 03:54:30 am - IMG CRON - Image: 4826, Task: 710, Fail, 
24/09/2020 03:59:34 am - IMG CRON - Image: 4826, Task: 726, Fail, 
24/09/2020 03:59:34 am - IMG CRON - Image: 4825, Task: 709, Fail, 
24/09/2020 03:59:34 am - IMG CRON - Image: 4824, Task: 708, Fail, 
24/09/2020 03:59:34 am - IMG CRON - Image: 4830, Task: 707, Fail, 
24/09/2020 04:05:15 am - IMG CRON - Image: 4825, Task: 727, Fail, 
24/09/2020 04:05:15 am - IMG CRON - Image: 4823, Task: 706, Fail, 
24/09/2020 04:05:15 am - IMG CRON - Image: 4831, Task: 705, Fail, 
24/09/2020 04:05:15 am - IMG CRON - Image: 4832, Task: 704, Fail, 
24/09/2020 04:11:27 am - IMG CRON - Image: 4824, Task: 728, Fail, 
24/09/2020 04:11:27 am - IMG CRON - Image: 4822, Task: 703, Fail, 
24/09/2020 04:11:27 am - IMG CRON - Image: 4846, Task: 702, Fail, 
24/09/2020 04:11:28 am - IMG CRON - Image: 4900, Task: 701, Fail, 
24/09/2020 04:15:07 am - IMG CRON - Image: 4823, Task: 729, Fail, 
24/09/2020 04:15:07 am - IMG CRON - Image: 4995, Task: 700, Fail, 
24/09/2020 04:15:07 am - IMG CRON - Image: 4820, Task: 697, Fail, 
24/09/2020 04:15:07 am - IMG CRON - Image: 4996, Task: 698, Fail, 
24/09/2020 04:21:01 am - IMG CRON - Image: 4822, Task: 730, Fail, 
24/09/2020 04:21:01 am - IMG CRON - Image: 4821, Task: 699, Fail, 
24/09/2020 04:21:01 am - IMG CRON - Image: 4997, Task: 696, Fail, 
24/09/2020 04:21:01 am - IMG CRON - Image: 4819, Task: 695, Fail, 
24/09/2020 04:25:08 am - IMG CRON - Image: 4821, Task: 731, Fail, 
24/09/2020 04:25:08 am - IMG CRON - Image: 5000, Task: 694, Fail, 
24/09/2020 04:25:08 am - IMG CRON - Image: 4818, Task: 693, Fail, 
24/09/2020 04:25:08 am - IMG CRON - Image: 5010, Task: 692, Fail, 
