2020-09-22T00:52:19+00:00 CRITICAL Maximum execution time of 30 seconds exceeded en C:\xampp\htdocs\wordpress\wp-includes\Requests\Transport\cURL.php en la línea 163

2020-09-22T00:52:46+00:00 CRITICAL Maximum execution time of 30 seconds exceeded en C:\xampp\htdocs\wordpress\wp-includes\Requests\Transport\cURL.php en la línea 163

2020-09-22T02:34:32+00:00 CRITICAL Maximum execution time of 30 seconds exceeded en C:\xampp\htdocs\wordpress\wp-includes\wp-db.php en la línea 2033

2020-09-22T03:28:47+00:00 CRITICAL Maximum execution time of 30 seconds exceeded en C:\xampp\htdocs\wordpress\wp-admin\includes\upgrade.php en la línea 12

2020-09-22T04:05:05+00:00 CRITICAL Maximum execution time of 30 seconds exceeded en C:\xampp\htdocs\wordpress\wp-includes\Requests\Transport\cURL.php en la línea 163

2020-09-22T05:02:43+00:00 CRITICAL Maximum execution time of 30 seconds exceeded en C:\xampp\htdocs\wordpress\wp-includes\wp-db.php en la línea 2033

2020-09-22T05:10:20+00:00 CRITICAL Maximum execution time of 30 seconds exceeded en C:\xampp\htdocs\wordpress\wp-content\plugins\woocommerce\packages\woocommerce-admin\src\Features\Onboarding.php en la línea 503

2020-09-22T05:13:03+00:00 CRITICAL Maximum execution time of 30 seconds exceeded en C:\xampp\htdocs\wordpress\wp-includes\Requests\Transport\cURL.php en la línea 163

2020-09-22T05:18:09+00:00 CRITICAL Maximum execution time of 30 seconds exceeded en C:\xampp\htdocs\wordpress\wp-includes\Requests\Transport\cURL.php en la línea 163

2020-09-22T05:21:32+00:00 CRITICAL Maximum execution time of 30 seconds exceeded en C:\xampp\htdocs\wordpress\wp-includes\Requests\Transport\cURL.php en la línea 163

2020-09-22T05:57:14+00:00 CRITICAL Maximum execution time of 30 seconds exceeded en C:\xampp\htdocs\wordpress\wp-includes\wp-db.php en la línea 2033

2020-09-22T06:02:19+00:00 CRITICAL Maximum execution time of 30 seconds exceeded en C:\xampp\htdocs\wordpress\wp-includes\class-wp-image-editor-gd.php en la línea 191

2020-09-22T06:03:35+00:00 CRITICAL Maximum execution time of 30 seconds exceeded en C:\xampp\htdocs\wordpress\wp-includes\Requests\Transport\cURL.php en la línea 163

2020-09-22T06:03:47+00:00 CRITICAL Maximum execution time of 30 seconds exceeded en C:\xampp\htdocs\wordpress\wp-includes\Requests\Transport\cURL.php en la línea 163

2020-09-22T06:07:27+00:00 CRITICAL Maximum execution time of 30 seconds exceeded en C:\xampp\htdocs\wordpress\wp-includes\wp-db.php en la línea 2033

2020-09-22T06:12:15+00:00 CRITICAL Maximum execution time of 30 seconds exceeded en C:\xampp\htdocs\wordpress\wp-includes\Requests\Transport\cURL.php en la línea 441

2020-09-22T06:17:31+00:00 CRITICAL Maximum execution time of 30 seconds exceeded en C:\xampp\htdocs\wordpress\wp-includes\class-wp-image-editor-gd.php en la línea 191

2020-09-22T06:22:59+00:00 CRITICAL Maximum execution time of 30 seconds exceeded en C:\xampp\htdocs\wordpress\wp-includes\class-wp-image-editor.php en la línea 489

2020-09-22T06:23:50+00:00 CRITICAL Maximum execution time of 30 seconds exceeded en C:\xampp\htdocs\wordpress\wp-includes\Requests\Transport\cURL.php en la línea 163

2020-09-22T06:27:59+00:00 CRITICAL Maximum execution time of 30 seconds exceeded en C:\xampp\htdocs\wordpress\wp-includes\wp-db.php en la línea 2033

2020-09-22T06:32:59+00:00 CRITICAL Maximum execution time of 30 seconds exceeded en C:\xampp\htdocs\wordpress\wp-includes\class-wp-image-editor-gd.php en la línea 191

2020-09-22T06:39:01+00:00 CRITICAL Maximum execution time of 30 seconds exceeded en C:\xampp\htdocs\wordpress\wp-includes\wp-db.php en la línea 2033

2020-09-22T06:44:14+00:00 CRITICAL Maximum execution time of 30 seconds exceeded en C:\xampp\htdocs\wordpress\wp-includes\class-wp-image-editor-gd.php en la línea 191

2020-09-22T06:48:04+00:00 CRITICAL Maximum execution time of 30 seconds exceeded en C:\xampp\htdocs\wordpress\wp-includes\wp-db.php en la línea 2033

2020-09-22T06:52:21+00:00 CRITICAL Maximum execution time of 30 seconds exceeded en C:\xampp\htdocs\wordpress\wp-includes\functions.php en la línea 2728

2020-09-22T06:57:21+00:00 CRITICAL Maximum execution time of 30 seconds exceeded en C:\xampp\htdocs\wordpress\wp-includes\wp-db.php en la línea 2033

2020-09-22T07:02:15+00:00 CRITICAL Maximum execution time of 30 seconds exceeded en C:\xampp\htdocs\wordpress\wp-includes\wp-db.php en la línea 2033

2020-09-22T07:07:29+00:00 CRITICAL Maximum execution time of 30 seconds exceeded en C:\xampp\htdocs\wordpress\wp-includes\wp-db.php en la línea 2033

2020-09-22T07:12:46+00:00 CRITICAL Maximum execution time of 30 seconds exceeded en C:\xampp\htdocs\wordpress\wp-includes\wp-db.php en la línea 2033

2020-09-22T07:17:23+00:00 CRITICAL Maximum execution time of 30 seconds exceeded en C:\xampp\htdocs\wordpress\wp-includes\wp-db.php en la línea 2033

2020-09-22T07:22:14+00:00 CRITICAL Maximum execution time of 30 seconds exceeded en C:\xampp\htdocs\wordpress\wp-includes\wp-db.php en la línea 2033

2020-09-22T07:27:32+00:00 CRITICAL Maximum execution time of 30 seconds exceeded en C:\xampp\htdocs\wordpress\wp-includes\wp-db.php en la línea 2033

2020-09-22T07:33:01+00:00 CRITICAL Maximum execution time of 30 seconds exceeded en C:\xampp\htdocs\wordpress\wp-includes\Requests\Transport\cURL.php en la línea 163

2020-09-22T07:36:57+00:00 CRITICAL Maximum execution time of 30 seconds exceeded en C:\xampp\htdocs\wordpress\wp-includes\Requests\Transport\cURL.php en la línea 163

2020-09-22T08:27:04+00:00 CRITICAL Maximum execution time of 30 seconds exceeded en C:\xampp\htdocs\wordpress\wp-includes\wp-db.php en la línea 2033

2020-09-22T08:28:38+00:00 CRITICAL Maximum execution time of 30 seconds exceeded en C:\xampp\htdocs\wordpress\wp-includes\wp-db.php en la línea 2033

2020-09-22T08:32:32+00:00 CRITICAL Maximum execution time of 30 seconds exceeded en C:\xampp\htdocs\wordpress\wp-includes\wp-db.php en la línea 2033

2020-09-22T08:42:10+00:00 CRITICAL Maximum execution time of 30 seconds exceeded en C:\xampp\htdocs\wordpress\wp-includes\wp-db.php en la línea 2033

2020-09-22T08:43:17+00:00 CRITICAL Maximum execution time of 30 seconds exceeded en C:\xampp\htdocs\wordpress\wp-includes\class-wp-image-editor-gd.php en la línea 191

2020-09-22T08:44:37+00:00 CRITICAL Maximum execution time of 30 seconds exceeded en C:\xampp\htdocs\wordpress\wp-admin\includes\class-wp-filesystem-direct.php en la línea 82

2020-09-22T08:45:31+00:00 CRITICAL Maximum execution time of 30 seconds exceeded en C:\xampp\htdocs\wordpress\wp-admin\includes\class-wp-filesystem-direct.php en la línea 82

2020-09-22T08:46:10+00:00 CRITICAL Maximum execution time of 30 seconds exceeded en C:\xampp\htdocs\wordpress\wp-admin\includes\class-wp-filesystem-direct.php en la línea 82

2020-09-22T08:51:46+00:00 CRITICAL Maximum execution time of 30 seconds exceeded en C:\xampp\htdocs\wordpress\wp-includes\class-wp-image-editor-gd.php en la línea 191

2020-09-22T08:55:10+00:00 CRITICAL Maximum execution time of 30 seconds exceeded en C:\xampp\htdocs\wordpress\wp-includes\wp-db.php en la línea 2033

2020-09-22T09:03:04+00:00 CRITICAL Maximum execution time of 30 seconds exceeded en C:\xampp\htdocs\wordpress\wp-includes\wp-db.php en la línea 2033

2020-09-22T09:07:42+00:00 CRITICAL Maximum execution time of 30 seconds exceeded en C:\xampp\htdocs\wordpress\wp-includes\wp-db.php en la línea 2033

2020-09-22T09:12:23+00:00 CRITICAL Maximum execution time of 30 seconds exceeded en C:\xampp\htdocs\wordpress\wp-includes\wp-db.php en la línea 2033

2020-09-22T09:17:28+00:00 CRITICAL Maximum execution time of 30 seconds exceeded en C:\xampp\htdocs\wordpress\wp-includes\wp-db.php en la línea 2033

2020-09-22T09:23:15+00:00 CRITICAL Maximum execution time of 30 seconds exceeded en C:\xampp\htdocs\wordpress\wp-includes\wp-db.php en la línea 2033

2020-09-22T09:27:15+00:00 CRITICAL Maximum execution time of 30 seconds exceeded en C:\xampp\htdocs\wordpress\wp-includes\class-wp-image-editor-gd.php en la línea 191

2020-09-22T09:30:13+00:00 CRITICAL Maximum execution time of 30 seconds exceeded en C:\xampp\htdocs\wordpress\wp-includes\Requests\Transport\cURL.php en la línea 163

2020-09-22T09:32:19+00:00 CRITICAL Maximum execution time of 30 seconds exceeded en C:\xampp\htdocs\wordpress\wp-includes\wp-db.php en la línea 2033

2020-09-22T09:32:25+00:00 CRITICAL Maximum execution time of 30 seconds exceeded en C:\xampp\htdocs\wordpress\wp-includes\Requests\Transport\cURL.php en la línea 163

2020-09-22T09:32:58+00:00 CRITICAL Maximum execution time of 30 seconds exceeded en C:\xampp\htdocs\wordpress\wp-includes\Requests\Transport\cURL.php en la línea 163

2020-09-22T09:37:16+00:00 CRITICAL Maximum execution time of 30 seconds exceeded en C:\xampp\htdocs\wordpress\wp-includes\wp-db.php en la línea 2033

2020-09-22T09:37:16+00:00 CRITICAL Maximum execution time of 30 seconds exceeded en C:\xampp\htdocs\wordpress\wp-includes\wp-db.php en la línea 2033

2020-09-22T09:42:15+00:00 CRITICAL Maximum execution time of 30 seconds exceeded en C:\xampp\htdocs\wordpress\wp-includes\wp-db.php en la línea 2033

2020-09-22T09:47:17+00:00 CRITICAL Maximum execution time of 30 seconds exceeded en C:\xampp\htdocs\wordpress\wp-includes\Requests\Transport\cURL.php en la línea 441

2020-09-22T09:52:19+00:00 CRITICAL Maximum execution time of 30 seconds exceeded en C:\xampp\htdocs\wordpress\wp-includes\wp-db.php en la línea 2033

2020-09-22T09:57:24+00:00 CRITICAL Maximum execution time of 30 seconds exceeded en C:\xampp\htdocs\wordpress\wp-content\plugins\elementor\includes\base\widget-base.php en la línea 156

2020-09-22T10:02:19+00:00 CRITICAL Maximum execution time of 30 seconds exceeded en C:\xampp\htdocs\wordpress\wp-includes\Requests\Transport\cURL.php en la línea 441

2020-09-22T10:06:19+00:00 CRITICAL Maximum execution time of 30 seconds exceeded en C:\xampp\htdocs\wordpress\wp-includes\Requests\Transport\cURL.php en la línea 163

2020-09-22T10:07:14+00:00 CRITICAL Maximum execution time of 30 seconds exceeded en C:\xampp\htdocs\wordpress\wp-includes\wp-db.php en la línea 2033

2020-09-22T10:12:20+00:00 CRITICAL Maximum execution time of 30 seconds exceeded en C:\xampp\htdocs\wordpress\wp-includes\Requests\Transport\cURL.php en la línea 441

2020-09-22T10:17:24+00:00 CRITICAL Maximum execution time of 30 seconds exceeded en C:\xampp\htdocs\wordpress\wp-includes\class-wp-image-editor.php en la línea 489

2020-09-22T10:24:56+00:00 CRITICAL Maximum execution time of 30 seconds exceeded en C:\xampp\htdocs\wordpress\wp-includes\Requests\Transport\cURL.php en la línea 163

2020-09-22T23:43:08+00:00 CRITICAL Maximum execution time of 30 seconds exceeded en C:\xampp\htdocs\wordpress\wp-content\plugins\astra-sites\inc\classes\class-astra-sites-elementor-images.php en la línea 14

2020-09-22T23:44:30+00:00 CRITICAL Maximum execution time of 30 seconds exceeded en C:\xampp\htdocs\wordpress\wp-includes\wp-db.php en la línea 2033

2020-09-22T23:44:44+00:00 CRITICAL Maximum execution time of 30 seconds exceeded en C:\xampp\htdocs\wordpress\wp-includes\Requests\Transport\cURL.php en la línea 163

